This is pdfTeX, Version 3.141592653-2.6-1.40.25 (MiKTeX 24.1) (preloaded format=pdflatex 2025.7.2)  2 JUL 2025 20:27
entering extended mode
 restricted \write18 enabled.
 %&-line parsing enabled.
**output\document.tex

! Emergency stop.
<to be read again> 
                   \group_begin: 
<*> output\document
                   .tex
*** (job aborted, file error in nonstop mode)

 
Here is how much of TeX's memory you used:
 1 string out of 474486
 10 string characters out of 5743756
 1924542 words of memory out of 5000000
 22393 multiletter control sequences out of 15000+600000
 558069 words of font info for 36 fonts, out of 8000000 for 9000
 1141 hyphenation exceptions out of 8191
 5i,0n,4p,62b,6s stack positions out of 10000i,1000n,20000p,200000b,200000s
!  ==> Fatal error occurred, no output PDF file produced!
